invalid command \restrict
SET
SET
SET
ERROR:  role "anon" already exists
ERROR:  "anon" is a reserved role, only superusers can modify it
ERROR:  role "authenticated" already exists
ERROR:  "authenticated" is a reserved role, only superusers can modify it
ERROR:  role "authenticator" already exists
ERROR:  "authenticator" is a reserved role, only superusers can modify it
ERROR:  role "dashboard_user" already exists
ERROR:  "dashboard_user" is a reserved role, only superusers can modify it
ERROR:  role "pgbouncer" already exists
ERROR:  "pgbouncer" is a reserved role, only superusers can modify it
ERROR:  role "postgres" already exists
ERROR:  permission denied to alter role
DETAIL:  Only superusers can alter privileged roles.
ERROR:  role "service_role" already exists
ERROR:  "service_role" is a reserved role, only superusers can modify it
ERROR:  role "supabase_admin" already exists
ERROR:  "supabase_admin" is a reserved role, only superusers can modify it
ERROR:  role "supabase_auth_admin" already exists
ERROR:  "supabase_auth_admin" is a reserved role, only superusers can modify it
CREATE ROLE
ERROR:  permission denied to alter role
DETAIL:  Only roles with the SUPERUSER attribute may alter roles with the SUPERUSER attribute.
ERROR:  role "supabase_read_only_user" already exists
ERROR:  "supabase_read_only_user" is a reserved role, only superusers can modify it
ERROR:  role "supabase_realtime_admin" already exists
ERROR:  "supabase_realtime_admin" is a reserved role, only superusers can modify it
ERROR:  role "supabase_replication_admin" already exists
ERROR:  "supabase_replication_admin" is a reserved role, only superusers can modify it
ERROR:  role "supabase_storage_admin" already exists
ERROR:  "supabase_storage_admin" is a reserved role, only superusers can modify it
ALTER ROLE
ALTER ROLE
ERROR:  permission denied to set parameter "session_preload_libraries"
ALTER ROLE
ALTER ROLE
ERROR:  "supabase_admin" is a reserved role, only superusers can modify it
ERROR:  "supabase_admin" is a reserved role, only superusers can modify it
ALTER ROLE
ERROR:  "supabase_auth_admin" is a reserved role, only superusers can modify it
ERROR:  "supabase_auth_admin" is a reserved role, only superusers can modify it
ERROR:  "supabase_auth_admin" is a reserved role, only superusers can modify it
ERROR:  "supabase_read_only_user" is a reserved role, only superusers can modify it
ERROR:  "supabase_storage_admin" is a reserved role, only superusers can modify it
ERROR:  "supabase_storage_admin" is a reserved role, only superusers can modify it
NOTICE:  role "authenticator" is already a member of role "anon"
GRANT ROLE
ERROR:  must be superuser to set grantor
GRANT ROLE
NOTICE:  role "authenticator" is already a member of role "authenticated"
ERROR:  must be superuser to set grantor
ERROR:  "authenticator" role memberships are reserved, only superusers can grant them
ERROR:  must be superuser to set grantor
ERROR:  must be superuser to set grantor
GRANT ROLE
ERROR:  "supabase_read_only_user" is a reserved role, only superusers can modify it
ERROR:  must be superuser to set grantor
NOTICE:  role "authenticator" is already a member of role "service_role"
GRANT ROLE
ERROR:  must be superuser to set grantor
ERROR:  "supabase_realtime_admin" role memberships are reserved, only superusers can grant them
invalid command \unrestrict
You are now connected to database "template1" as user "postgres".
invalid command \restrict
SET
SET
SET
SET
SET
 set_config 
------------
 
(1 row)

SET
SET
SET
SET
invalid command \unrestrict
You are now connected to database "postgres" as user "postgres".
invalid command \restrict
SET
SET
SET
SET
SET
 set_config 
------------
 
(1 row)

SET
SET
SET
SET
ERROR:  schema "auth" already exists
ALTER SCHEMA
ERROR:  schema "extensions" already exists
ERROR:  schema "graphql" already exists
ALTER SCHEMA
ALTER SCHEMA
ERROR:  schema "graphql_public" already exists
ALTER SCHEMA
ERROR:  schema "pgbouncer" already exists
ALTER SCHEMA
ERROR:  schema "realtime" already exists
ALTER SCHEMA
ERROR:  schema "storage" already exists
ALTER SCHEMA
ERROR:  schema "vault" already exists
ALTER SCHEMA
CREATE EXTENSION
COMMENT
CREATE EXTENSION
COMMENT
CREATE EXTENSION
COMMENT
CREATE EXTENSION
COMMENT
CREATE EXTENSION
COMMENT
CREATE EXTENSION
COMMENT
ERROR:  permission denied for schema auth
ALTER TYPE
ERROR:  permission denied for schema auth
ALTER TYPE
ERROR:  permission denied for schema auth
ALTER TYPE
ERROR:  permission denied for schema auth
ALTER TYPE
ERROR:  permission denied for schema auth
ALTER TYPE
ERROR:  permission denied for schema auth
ERROR:  type "action" already exists
ALTER TYPE
ALTER TYPE
ERROR:  type "equality_op" already exists
ALTER TYPE
ERROR:  type "user_defined_filter" already exists
ALTER TYPE
ERROR:  type "wal_column" already exists
ALTER TYPE
ERROR:  type "wal_rls" already exists
ALTER TYPE
ERROR:  permission denied for schema auth
ALTER FUNCTION
ERROR:  must be owner of function auth.email
ERROR:  permission denied for schema auth
ALTER FUNCTION
ERROR:  permission denied for schema auth
ALTER FUNCTION
ERROR:  must be owner of function auth.role
ERROR:  permission denied for schema auth
ALTER FUNCTION
ERROR:  must be owner of function auth.uid
ALTER FUNCTION
ERROR:  function "grant_pg_cron_access" already exists with same argument types
ERROR:  must be owner of function extensions.grant_pg_cron_access
ERROR:  function "grant_pg_graphql_access" already exists with same argument types
ERROR:  must be owner of function extensions.grant_pg_graphql_access
ERROR:  function "grant_pg_net_access" already exists with same argument types
ALTER FUNCTION
ALTER FUNCTION
ALTER FUNCTION
ALTER FUNCTION
ALTER FUNCTION
ALTER FUNCTION
ERROR:  must be owner of function extensions.grant_pg_net_access
ERROR:  function "pgrst_ddl_watch" already exists with same argument types
ERROR:  function "pgrst_drop_watch" already exists with same argument types
ERROR:  function "set_graphql_placeholder" already exists with same argument types
ERROR:  must be owner of function extensions.set_graphql_placeholder
ERROR:  permission denied for schema pgbouncer
CREATE FUNCTION
ALTER FUNCTION
ALTER FUNCTION
ALTER FUNCTION
ALTER FUNCTION
ALTER FUNCTION
ERROR:  function "apply_rls" already exists with same argument types
ERROR:  function "broadcast_changes" already exists with same argument types
ERROR:  function "build_prepared_statement_sql" already exists with same argument types
ERROR:  function "cast" already exists with same argument types
ERROR:  function "check_equality_op" already exists with same argument types
ERROR:  function "is_visible_through_filters" already exists with same argument types
ERROR:  permission denied to set parameter "log_min_messages"
ERROR:  function "quote_wal2json" already exists with same argument types
ERROR:  function "send" already exists with same argument types
ERROR:  function "subscription_check_filters" already exists with same argument types
ERROR:  function "to_regrole" already exists with same argument types
ALTER FUNCTION
ALTER FUNCTION
ALTER FUNCTION
ALTER FUNCTION
ALTER FUNCTION
ALTER FUNCTION
ALTER FUNCTION
ERROR:  function "topic" already exists with same argument types
ALTER FUNCTION
ERROR:  permission denied for schema storage
ALTER FUNCTION
ERROR:  permission denied for schema storage
ALTER FUNCTION
ERROR:  permission denied for schema storage
ERROR:  permission denied for schema storage
ERROR:  permission denied for schema storage
ALTER FUNCTION
ALTER FUNCTION
ALTER FUNCTION
ALTER FUNCTION
ERROR:  permission denied for schema storage
ERROR:  permission denied for schema storage
ALTER FUNCTION
ERROR:  function storage.list_objects_with_delimiter(text, text, text, integer, text, text) does not exist
ERROR:  permission denied for schema storage
ERROR:  permission denied for schema storage
ERROR:  permission denied for schema storage
ALTER FUNCTION
ALTER FUNCTION
SET
SET
ERROR:  permission denied for schema auth
LINE 1: CREATE TABLE auth.audit_log_entries (
                     ^
ERROR:  must be owner of table audit_log_entries
ERROR:  must be owner of table audit_log_entries
ERROR:  permission denied for schema auth
LINE 1: CREATE TABLE auth.flow_state (
                     ^
ERROR:  must be owner of table flow_state
ERROR:  must be owner of table flow_state
ERROR:  permission denied for schema auth
LINE 1: CREATE TABLE auth.identities (
                     ^
ERROR:  must be owner of table identities
ERROR:  must be owner of table identities
ERROR:  must be owner of relation identities
ERROR:  permission denied for schema auth
LINE 1: CREATE TABLE auth.instances (
                     ^
ERROR:  must be owner of table instances
ERROR:  must be owner of table instances
ERROR:  permission denied for schema auth
LINE 1: CREATE TABLE auth.mfa_amr_claims (
                     ^
ERROR:  must be owner of table mfa_amr_claims
ERROR:  must be owner of table mfa_amr_claims
ERROR:  permission denied for schema auth
LINE 1: CREATE TABLE auth.mfa_challenges (
                     ^
ERROR:  must be owner of table mfa_challenges
ERROR:  must be owner of table mfa_challenges
ERROR:  permission denied for schema auth
LINE 1: CREATE TABLE auth.mfa_factors (
                     ^
ERROR:  must be owner of table mfa_factors
ERROR:  must be owner of table mfa_factors
ERROR:  permission denied for schema auth
LINE 1: CREATE TABLE auth.oauth_clients (
                     ^
ERROR:  must be owner of table oauth_clients
ERROR:  permission denied for schema auth
LINE 1: CREATE TABLE auth.one_time_tokens (
                     ^
ERROR:  must be owner of table one_time_tokens
ERROR:  permission denied for schema auth
LINE 1: CREATE TABLE auth.refresh_tokens (
                     ^
ERROR:  must be owner of table refresh_tokens
ERROR:  must be owner of table refresh_tokens
ERROR:  permission denied for schema auth
ERROR:  must be owner of sequence refresh_tokens_id_seq
ERROR:  must be owner of sequence refresh_tokens_id_seq
ERROR:  permission denied for schema auth
LINE 1: CREATE TABLE auth.saml_providers (
                     ^
ERROR:  must be owner of table saml_providers
ERROR:  must be owner of table saml_providers
ERROR:  permission denied for schema auth
LINE 1: CREATE TABLE auth.saml_relay_states (
                     ^
ERROR:  must be owner of table saml_relay_states
ERROR:  must be owner of table saml_relay_states
ERROR:  permission denied for schema auth
LINE 1: CREATE TABLE auth.schema_migrations (
                     ^
ERROR:  must be owner of table schema_migrations
ERROR:  must be owner of table schema_migrations
ERROR:  permission denied for schema auth
LINE 1: CREATE TABLE auth.sessions (
                     ^
ERROR:  must be owner of table sessions
ERROR:  must be owner of table sessions
ERROR:  must be owner of relation sessions
ERROR:  permission denied for schema auth
LINE 1: CREATE TABLE auth.sso_domains (
                     ^
ERROR:  must be owner of table sso_domains
ERROR:  must be owner of table sso_domains
ERROR:  permission denied for schema auth
LINE 1: CREATE TABLE auth.sso_providers (
                     ^
ERROR:  must be owner of table sso_providers
ERROR:  must be owner of table sso_providers
ERROR:  must be owner of relation sso_providers
ERROR:  permission denied for schema auth
LINE 1: CREATE TABLE auth.users (
                     ^
ERROR:  must be owner of table users
ERROR:  must be owner of table users
ERROR:  must be owner of relation users
CREATE TABLE
ALTER TABLE
CREATE TABLE
ALTER TABLE
CREATE TABLE
ALTER TABLE
ERROR:  relation "messages" already exists
ALTER TABLE
CREATE TABLE
ERROR:  must be member of role "supabase_admin"
ERROR:  must be member of role "supabase_admin"
CREATE TABLE
CREATE TABLE
ERROR:  must be member of role "supabase_admin"
CREATE TABLE
ERROR:  must be member of role "supabase_admin"
ERROR:  must be member of role "supabase_admin"
CREATE TABLE
CREATE TABLE
ERROR:  must be member of role "supabase_admin"
ERROR:  must be member of role "supabase_admin"
CREATE TABLE
ERROR:  relation "schema_migrations" already exists
ERROR:  must be owner of table schema_migrations
ERROR:  relation "subscription" already exists
ERROR:  must be owner of table subscription
ERROR:  must be owner of table subscription
ERROR:  permission denied for schema storage
LINE 1: CREATE TABLE storage.buckets (
                     ^
ERROR:  must be owner of table buckets
ERROR:  must be owner of relation buckets
ERROR:  permission denied for schema storage
LINE 1: CREATE TABLE storage.migrations (
                     ^
ERROR:  must be owner of table migrations
ERROR:  permission denied for schema storage
LINE 1: CREATE TABLE storage.objects (
                     ^
ERROR:  must be owner of table objects
ERROR:  must be owner of relation objects
ERROR:  permission denied for schema storage
LINE 1: CREATE TABLE storage.s3_multipart_uploads (
                     ^
ERROR:  must be owner of table s3_multipart_uploads
ERROR:  permission denied for schema storage
LINE 1: CREATE TABLE storage.s3_multipart_uploads_parts (
                     ^
ERROR:  must be owner of table s3_multipart_uploads_parts
ALTER TABLE
ALTER TABLE
ALTER TABLE
ALTER TABLE
ALTER TABLE
ALTER TABLE
ALTER TABLE
ERROR:  must be owner of table refresh_tokens
COPY 1205
COPY 0
ERROR:  insert or update on table "identities" violates foreign key constraint "identities_user_id_fkey"
DETAIL:  Key (user_id)=(c0e6c5bc-5469-42ef-b526-14c39a13b4ec) is not present in table "users".
COPY 0
ERROR:  insert or update on table "mfa_amr_claims" violates foreign key constraint "mfa_amr_claims_session_id_fkey"
DETAIL:  Key (session_id)=(d08992e7-a68c-4e33-a45b-4aedd7422c0c) is not present in table "sessions".
COPY 0
COPY 0
ERROR:  column "client_id" of relation "oauth_clients" does not exist
invalid command \.
COPY 0
ERROR:  insert or update on table "refresh_tokens" violates foreign key constraint "refresh_tokens_session_id_fkey"
DETAIL:  Key (session_id)=(d08992e7-a68c-4e33-a45b-4aedd7422c0c) is not present in table "sessions".
COPY 0
COPY 0
ERROR:  permission denied for table schema_migrations
invalid command \.
ERROR:  syntax error at or near "20171026211738"
LINE 1: 20171026211738
        ^
invalid command \N
invalid command \.
ERROR:  syntax error at or near "d08992e7"
LINE 1: d08992e7-a68c-4e33-a45b-4aedd7422c0c c0e6c5bc-5469-42ef-b526...
        ^
invalid command \.
COPY 0
COPY 1
COPY 4
COPY 3342
COPY 2
COPY 0
COPY 0
COPY 0
COPY 0
COPY 0
COPY 0
COPY 0
ERROR:  duplicate key value violates unique constraint "schema_migrations_pkey"
DETAIL:  Key (version)=(20211116024918) already exists.
CONTEXT:  COPY schema_migrations, line 1
COPY 0
COPY 0
ERROR:  permission denied for table migrations
invalid command \.
ERROR:  syntax error at or near "0"
LINE 1: 0 create-migrations-table e18db593bcde2aca2a408c4d1100f6abba...
        ^
invalid command \.
COPY 0
ERROR:  permission denied for table secrets
invalid command \.
COPY 0
 setval 
--------
    621
(1 row)

ERROR:  must be owner of table mfa_amr_claims
 setval 
--------
   1901
(1 row)

ERROR:  must be owner of table audit_log_entries
ERROR:  must be owner of table flow_state
ERROR:  must be owner of table identities
ERROR:  must be owner of table identities
ERROR:  must be owner of table instances
ERROR:  must be owner of table mfa_amr_claims
ERROR:  must be owner of table mfa_challenges
ERROR:  must be owner of table mfa_factors
ERROR:  must be owner of table mfa_factors
ERROR:  must be owner of table oauth_clients
ERROR:  must be owner of table oauth_clients
ERROR:  must be owner of table one_time_tokens
ERROR:  must be owner of table refresh_tokens
ERROR:  must be owner of table refresh_tokens
ERROR:  must be owner of table saml_providers
ERROR:  must be owner of table saml_providers
ERROR:  must be owner of table saml_relay_states
ERROR:  must be owner of table schema_migrations
ERROR:  must be owner of table sessions
ERROR:  must be owner of table sso_domains
ERROR:  must be owner of table sso_providers
ERROR:  must be owner of table users
ERROR:  must be owner of table users
ALTER TABLE
ALTER TABLE
ALTER TABLE
ALTER TABLE
ERROR:  multiple primary keys for table "messages" are not allowed
ERROR:  multiple primary keys for table "messages_2025_08_26" are not allowed
ERROR:  multiple primary keys for table "messages_2025_08_27" are not allowed
ERROR:  multiple primary keys for table "messages_2025_08_28" are not allowed
ERROR:  multiple primary keys for table "messages_2025_08_29" are not allowed
ERROR:  multiple primary keys for table "messages_2025_08_30" are not allowed
ERROR:  multiple primary keys for table "messages_2025_08_31" are not allowed
ERROR:  multiple primary keys for table "messages_2025_09_01" are not allowed
ERROR:  must be owner of table subscription
ERROR:  must be owner of table schema_migrations
ERROR:  must be owner of table buckets
ERROR:  must be owner of table migrations
ERROR:  must be owner of table migrations
ERROR:  must be owner of table objects
ERROR:  must be owner of table s3_multipart_uploads_parts
ERROR:  must be owner of table s3_multipart_uploads
ERROR:  must be owner of table audit_log_entries
ERROR:  must be owner of table users
ERROR:  must be owner of table users
ERROR:  must be owner of table users
ERROR:  must be owner of table mfa_factors
ERROR:  must be owner of table flow_state
ERROR:  must be owner of table identities
ERROR:  must be owner of index identities_email_idx
ERROR:  must be owner of table identities
ERROR:  must be owner of table flow_state
ERROR:  must be owner of table flow_state
ERROR:  must be owner of table mfa_challenges
ERROR:  must be owner of table mfa_factors
ERROR:  must be owner of table mfa_factors
ERROR:  must be owner of table oauth_clients
ERROR:  must be owner of table oauth_clients
ERROR:  must be owner of table one_time_tokens
ERROR:  must be owner of table one_time_tokens
ERROR:  must be owner of table one_time_tokens
ERROR:  must be owner of table users
ERROR:  must be owner of table users
ERROR:  must be owner of table refresh_tokens
ERROR:  must be owner of table refresh_tokens
ERROR:  must be owner of table refresh_tokens
ERROR:  must be owner of table refresh_tokens
ERROR:  must be owner of table refresh_tokens
ERROR:  must be owner of table saml_providers
ERROR:  must be owner of table saml_relay_states
ERROR:  must be owner of table saml_relay_states
ERROR:  must be owner of table saml_relay_states
ERROR:  must be owner of table sessions
ERROR:  must be owner of table sessions
ERROR:  must be owner of table sso_domains
ERROR:  must be owner of table sso_domains
ERROR:  must be owner of table sso_providers
ERROR:  must be owner of table sso_providers
ERROR:  must be owner of table mfa_factors
ERROR:  must be owner of table sessions
ERROR:  must be owner of table users
ERROR:  must be owner of index users_email_partial_key
ERROR:  must be owner of table users
ERROR:  must be owner of table users
ERROR:  must be owner of table users
CREATE INDEX
CREATE INDEX
CREATE INDEX
CREATE INDEX
CREATE INDEX
CREATE INDEX
ERROR:  must be owner of table subscription
ERROR:  must be owner of table subscription
ERROR:  must be owner of table buckets
ERROR:  must be owner of table objects
ERROR:  must be owner of table s3_multipart_uploads
ERROR:  must be owner of table objects
ERROR:  must be owner of table objects
ALTER INDEX
ALTER INDEX
ALTER INDEX
ALTER INDEX
ALTER INDEX
ALTER INDEX
ALTER INDEX
ERROR:  trigger "tr_check_filters" for relation "subscription" already exists
ERROR:  trigger "update_objects_updated_at" for relation "objects" already exists
ERROR:  must be owner of table identities
ERROR:  must be owner of table mfa_amr_claims
ERROR:  must be owner of table mfa_challenges
ERROR:  must be owner of table mfa_factors
ERROR:  must be owner of table one_time_tokens
ERROR:  must be owner of table refresh_tokens
ERROR:  must be owner of table saml_providers
ERROR:  must be owner of table saml_relay_states
ERROR:  must be owner of table saml_relay_states
ERROR:  must be owner of table sessions
ERROR:  must be owner of table sso_domains
ALTER TABLE
ALTER TABLE
ALTER TABLE
ERROR:  must be owner of table objects
ERROR:  must be owner of table s3_multipart_uploads
ERROR:  must be owner of table s3_multipart_uploads_parts
ERROR:  must be owner of table s3_multipart_uploads_parts
ERROR:  must be owner of table audit_log_entries
ERROR:  must be owner of table flow_state
ERROR:  must be owner of table identities
ERROR:  must be owner of table instances
ERROR:  must be owner of table mfa_amr_claims
ERROR:  must be owner of table mfa_challenges
ERROR:  must be owner of table mfa_factors
ERROR:  must be owner of table one_time_tokens
ERROR:  must be owner of table refresh_tokens
ERROR:  must be owner of table saml_providers
ERROR:  must be owner of table saml_relay_states
ERROR:  must be owner of table schema_migrations
ERROR:  must be owner of table sessions
ERROR:  must be owner of table sso_domains
ERROR:  must be owner of table sso_providers
ERROR:  must be owner of table users
CREATE POLICY
CREATE POLICY
CREATE POLICY
CREATE POLICY
CREATE POLICY
CREATE POLICY
CREATE POLICY
CREATE POLICY
CREATE POLICY
CREATE POLICY
ALTER TABLE
ALTER TABLE
ALTER TABLE
ALTER TABLE
ERROR:  must be owner of table buckets
ERROR:  must be owner of table migrations
ERROR:  must be owner of table objects
ERROR:  must be owner of table s3_multipart_uploads
ERROR:  must be owner of table s3_multipart_uploads_parts
ERROR:  publication "supabase_realtime" already exists
ALTER PUBLICATION
CREATE PUBLICATION
ERROR:  must be member of role "supabase_admin"
ALTER PUBLICATION
ALTER PUBLICATION
WARNING:  no privileges were granted for "auth"
GRANT
WARNING:  no privileges were granted for "auth"
GRANT
WARNING:  no privileges were granted for "auth"
GRANT
WARNING:  no privileges were granted for "auth"
GRANT
WARNING:  no privileges were granted for "auth"
GRANT
WARNING:  no privileges were granted for "auth"
GRANT
GRANT
GRANT
GRANT
GRANT
GRANT
GRANT
GRANT
GRANT
WARNING:  no privileges were granted for "realtime"
GRANT
WARNING:  no privileges were granted for "realtime"
GRANT
WARNING:  no privileges were granted for "realtime"
GRANT
GRANT
WARNING:  no privileges were granted for "realtime"
WARNING:  no privileges were granted for "realtime"
GRANT
WARNING:  no privileges were granted for "storage"
GRANT
WARNING:  no privileges were granted for "storage"
GRANT
WARNING:  no privileges were granted for "storage"
GRANT
WARNING:  no privileges were granted for "storage"
GRANT
WARNING:  no privileges were granted for "storage"
GRANT
WARNING:  no privileges were granted for "storage"
GRANT
ERROR:  grant options cannot be granted back to your own grantor
GRANT
WARNING:  no privileges were granted for "email"
GRANT
WARNING:  no privileges were granted for "email"
GRANT
WARNING:  no privileges were granted for "jwt"
GRANT
WARNING:  no privileges were granted for "jwt"
GRANT
WARNING:  no privileges were granted for "role"
GRANT
WARNING:  no privileges were granted for "role"
WARNING:  no privileges were granted for "uid"
GRANT
GRANT
WARNING:  no privileges were granted for "uid"
GRANT
ERROR:  grant options cannot be granted back to your own grantor
ERROR:  grant options cannot be granted back to your own grantor
GRANT
GRANT
ERROR:  grant options cannot be granted back to your own grantor
GRANT
ERROR:  grant options cannot be granted back to your own grantor
GRANT
ERROR:  grant options cannot be granted back to your own grantor
GRANT
ERROR:  grant options cannot be granted back to your own grantor
GRANT
ERROR:  grant options cannot be granted back to your own grantor
GRANT
ERROR:  grant options cannot be granted back to your own grantor
GRANT
ERROR:  grant options cannot be granted back to your own grantor
GRANT
ERROR:  grant options cannot be granted back to your own grantor
ERROR:  grant options cannot be granted back to your own grantor
GRANT
GRANT
ERROR:  grant options cannot be granted back to your own grantor
GRANT
ERROR:  grant options cannot be granted back to your own grantor
GRANT
ERROR:  grant options cannot be granted back to your own grantor
ERROR:  grant options cannot be granted back to your own grantor
GRANT
GRANT
WARNING:  no privileges could be revoked for "grant_pg_cron_access"
REVOKE
WARNING:  no privileges were granted for "grant_pg_cron_access"
WARNING:  no privileges were granted for "grant_pg_cron_access"
GRANT
GRANT
WARNING:  no privileges were granted for "grant_pg_cron_access"
GRANT
ERROR:  grant options cannot be granted back to your own grantor
WARNING:  no privileges could be revoked for "grant_pg_net_access"
REVOKE
WARNING:  no privileges were granted for "grant_pg_net_access"
GRANT
WARNING:  no privileges were granted for "grant_pg_net_access"
GRANT
WARNING:  no privileges were granted for "grant_pg_net_access"
GRANT
ERROR:  grant options cannot be granted back to your own grantor
GRANT
ERROR:  grant options cannot be granted back to your own grantor
GRANT
ERROR:  grant options cannot be granted back to your own grantor
GRANT
ERROR:  grant options cannot be granted back to your own grantor
GRANT
ERROR:  grant options cannot be granted back to your own grantor
GRANT
ERROR:  grant options cannot be granted back to your own grantor
GRANT
ERROR:  grant options cannot be granted back to your own grantor
GRANT
ERROR:  grant options cannot be granted back to your own grantor
GRANT
ERROR:  grant options cannot be granted back to your own grantor
ERROR:  grant options cannot be granted back to your own grantor
GRANT
GRANT
ERROR:  grant options cannot be granted back to your own grantor
GRANT
ERROR:  grant options cannot be granted back to your own grantor
GRANT
ERROR:  grant options cannot be granted back to your own grantor
GRANT
ERROR:  grant options cannot be granted back to your own grantor
ERROR:  grant options cannot be granted back to your own grantor
GRANT
GRANT
ERROR:  grant options cannot be granted back to your own grantor
GRANT
ERROR:  grant options cannot be granted back to your own grantor
GRANT
ERROR:  grant options cannot be granted back to your own grantor
GRANT
ERROR:  grant options cannot be granted back to your own grantor
GRANT
ERROR:  grant options cannot be granted back to your own grantor
GRANT
ERROR:  grant options cannot be granted back to your own grantor
GRANT
ERROR:  grant options cannot be granted back to your own grantor
GRANT
ERROR:  grant options cannot be granted back to your own grantor
ERROR:  grant options cannot be granted back to your own grantor
GRANT
GRANT
ERROR:  grant options cannot be granted back to your own grantor
GRANT
ERROR:  grant options cannot be granted back to your own grantor
ERROR:  grant options cannot be granted back to your own grantor
ERROR:  grant options cannot be granted back to your own grantor
ERROR:  grant options cannot be granted back to your own grantor
GRANT
ERROR:  grant options cannot be granted back to your own grantor
GRANT
ERROR:  grant options cannot be granted back to your own grantor
GRANT
ERROR:  grant options cannot be granted back to your own grantor
GRANT
ERROR:  grant options cannot be granted back to your own grantor
GRANT
ERROR:  grant options cannot be granted back to your own grantor
GRANT
ERROR:  grant options cannot be granted back to your own grantor
GRANT
ERROR:  grant options cannot be granted back to your own grantor
GRANT
ERROR:  grant options cannot be granted back to your own grantor
GRANT
ERROR:  grant options cannot be granted back to your own grantor
GRANT
ERROR:  grant options cannot be granted back to your own grantor
GRANT
ERROR:  grant options cannot be granted back to your own grantor
GRANT
ERROR:  grant options cannot be granted back to your own grantor
GRANT
ERROR:  grant options cannot be granted back to your own grantor
GRANT
ERROR:  grant options cannot be granted back to your own grantor
GRANT
WARNING:  no privileges were granted for "graphql"
WARNING:  no privileges were granted for "graphql"
GRANT
GRANT
WARNING:  no privileges were granted for "graphql"
GRANT
WARNING:  no privileges were granted for "graphql"
GRANT
WARNING:  no privileges could be revoked for "get_auth"
REVOKE
WARNING:  no privileges were granted for "get_auth"
GRANT
WARNING:  no privileges were granted for "get_auth"
GRANT
GRANT
GRANT
GRANT
WARNING:  no privileges were granted for "apply_rls"
GRANT
WARNING:  no privileges were granted for "apply_rls"
GRANT
WARNING:  no privileges were granted for "apply_rls"
GRANT
WARNING:  no privileges were granted for "apply_rls"
GRANT
WARNING:  no privileges were granted for "apply_rls"
GRANT
WARNING:  no privileges were granted for "apply_rls"
GRANT
WARNING:  no privileges were granted for "broadcast_changes"
GRANT
WARNING:  no privileges were granted for "broadcast_changes"
GRANT
WARNING:  no privileges were granted for "build_prepared_statement_sql"
WARNING:  no privileges were granted for "build_prepared_statement_sql"
GRANT
GRANT
WARNING:  no privileges were granted for "build_prepared_statement_sql"
GRANT
WARNING:  no privileges were granted for "build_prepared_statement_sql"
GRANT
WARNING:  no privileges were granted for "build_prepared_statement_sql"
GRANT
WARNING:  no privileges were granted for "build_prepared_statement_sql"
GRANT
WARNING:  no privileges were granted for "cast"
GRANT
WARNING:  no privileges were granted for "cast"
GRANT
WARNING:  no privileges were granted for "cast"
GRANT
WARNING:  no privileges were granted for "cast"
GRANT
WARNING:  no privileges were granted for "cast"
GRANT
WARNING:  no privileges were granted for "cast"
GRANT
WARNING:  no privileges were granted for "check_equality_op"
GRANT
WARNING:  no privileges were granted for "check_equality_op"
GRANT
WARNING:  no privileges were granted for "check_equality_op"
WARNING:  no privileges were granted for "check_equality_op"
GRANT
GRANT
GRANT
WARNING:  no privileges were granted for "check_equality_op"
WARNING:  no privileges were granted for "check_equality_op"
GRANT
WARNING:  no privileges were granted for "is_visible_through_filters"
WARNING:  no privileges were granted for "is_visible_through_filters"
GRANT
GRANT
WARNING:  no privileges were granted for "is_visible_through_filters"
GRANT
WARNING:  no privileges were granted for "is_visible_through_filters"
GRANT
WARNING:  no privileges were granted for "is_visible_through_filters"
GRANT
WARNING:  no privileges were granted for "is_visible_through_filters"
GRANT
WARNING:  no privileges were granted for "list_changes"
GRANT
GRANT
WARNING:  no privileges were granted for "list_changes"
WARNING:  no privileges were granted for "list_changes"
GRANT
WARNING:  no privileges were granted for "list_changes"
GRANT
WARNING:  no privileges were granted for "list_changes"
GRANT
WARNING:  no privileges were granted for "list_changes"
WARNING:  no privileges were granted for "quote_wal2json"
GRANT
GRANT
WARNING:  no privileges were granted for "quote_wal2json"
GRANT
WARNING:  no privileges were granted for "quote_wal2json"
GRANT
WARNING:  no privileges were granted for "quote_wal2json"
GRANT
WARNING:  no privileges were granted for "quote_wal2json"
GRANT
WARNING:  no privileges were granted for "quote_wal2json"
GRANT
WARNING:  no privileges were granted for "send"
GRANT
WARNING:  no privileges were granted for "send"
GRANT
WARNING:  no privileges were granted for "subscription_check_filters"
GRANT
WARNING:  no privileges were granted for "subscription_check_filters"
GRANT
WARNING:  no privileges were granted for "subscription_check_filters"
GRANT
WARNING:  no privileges were granted for "subscription_check_filters"
GRANT
WARNING:  no privileges were granted for "subscription_check_filters"
GRANT
WARNING:  no privileges were granted for "subscription_check_filters"
GRANT
WARNING:  no privileges were granted for "to_regrole"
GRANT
WARNING:  no privileges were granted for "to_regrole"
GRANT
WARNING:  no privileges were granted for "to_regrole"
GRANT
WARNING:  no privileges were granted for "to_regrole"
GRANT
WARNING:  no privileges were granted for "to_regrole"
GRANT
WARNING:  no privileges were granted for "to_regrole"
GRANT
GRANT
GRANT
WARNING:  no privileges were granted for "can_insert_object"
GRANT
WARNING:  no privileges were granted for "extension"
GRANT
WARNING:  no privileges were granted for "filename"
GRANT
WARNING:  no privileges were granted for "foldername"
WARNING:  no privileges were granted for "get_size_by_bucket"
GRANT
GRANT
WARNING:  no privileges were granted for "list_multipart_uploads_with_delimiter"
GRANT
ERROR:  function storage.list_objects_with_delimiter(text, text, text, integer, text, text) does not exist
WARNING:  no privileges were granted for "operation"
GRANT
GRANT
WARNING:  no privileges were granted for "search"
WARNING:  no privileges were granted for "update_updated_at_column"
GRANT
ERROR:  grant options cannot be granted back to your own grantor
GRANT
ERROR:  grant options cannot be granted back to your own grantor
GRANT
ERROR:  grant options cannot be granted back to your own grantor
GRANT
GRANT
WARNING:  no privileges were granted for "audit_log_entries"
ERROR:  grant options cannot be granted back to your own grantor
GRANT
WARNING:  no privileges were granted for "flow_state"
GRANT
ERROR:  grant options cannot be granted back to your own grantor
GRANT
WARNING:  no privileges were granted for "identities"
GRANT
ERROR:  grant options cannot be granted back to your own grantor
GRANT
GRANT
WARNING:  no privileges were granted for "instances"
GRANT
ERROR:  grant options cannot be granted back to your own grantor
WARNING:  no privileges were granted for "mfa_amr_claims"
GRANT
ERROR:  grant options cannot be granted back to your own grantor
GRANT
WARNING:  no privileges were granted for "mfa_challenges"
GRANT
ERROR:  grant options cannot be granted back to your own grantor
GRANT
WARNING:  no privileges were granted for "mfa_factors"
GRANT
ERROR:  grant options cannot be granted back to your own grantor
GRANT
WARNING:  no privileges were granted for "oauth_clients"
GRANT
WARNING:  no privileges were granted for "oauth_clients"
GRANT
GRANT
WARNING:  no privileges were granted for "one_time_tokens"
ERROR:  grant options cannot be granted back to your own grantor
GRANT
GRANT
WARNING:  no privileges were granted for "refresh_tokens"
GRANT
ERROR:  grant options cannot be granted back to your own grantor
WARNING:  no privileges were granted for "refresh_tokens_id_seq"
WARNING:  no privileges were granted for "refresh_tokens_id_seq"
GRANT
WARNING:  no privileges were granted for "saml_providers"
GRANT
GRANT
ERROR:  grant options cannot be granted back to your own grantor
GRANT
WARNING:  no privileges were granted for "saml_relay_states"
ERROR:  grant options cannot be granted back to your own grantor
GRANT
GRANT
WARNING:  no privileges were granted for "sessions"
GRANT
ERROR:  grant options cannot be granted back to your own grantor
GRANT
WARNING:  no privileges were granted for "sso_domains"
GRANT
ERROR:  grant options cannot be granted back to your own grantor
WARNING:  no privileges were granted for "sso_providers"
GRANT
GRANT
ERROR:  grant options cannot be granted back to your own grantor
GRANT
GRANT
WARNING:  no privileges were granted for "users"
GRANT
ERROR:  grant options cannot be granted back to your own grantor
ERROR:  grant options cannot be granted back to your own grantor
GRANT
ERROR:  grant options cannot be granted back to your own grantor
GRANT
GRANT
GRANT
GRANT
GRANT
GRANT
GRANT
GRANT
GRANT
GRANT
GRANT
GRANT
GRANT
GRANT
GRANT
GRANT
GRANT
GRANT
GRANT
GRANT
GRANT
GRANT
GRANT
GRANT
GRANT
GRANT
GRANT
GRANT
GRANT
WARNING:  no privileges were granted for "schema_migrations"
GRANT
WARNING:  no privileges were granted for "schema_migrations"
GRANT
WARNING:  no privileges were granted for "schema_migrations"
GRANT
WARNING:  no privileges were granted for "schema_migrations"
WARNING:  no privileges were granted for "schema_migrations"
GRANT
GRANT
WARNING:  no privileges were granted for "schema_migrations"
GRANT
WARNING:  no privileges were granted for "subscription"
GRANT
WARNING:  no privileges were granted for "subscription"
GRANT
WARNING:  no privileges were granted for "subscription"
GRANT
WARNING:  no privileges were granted for "subscription"
GRANT
WARNING:  no privileges were granted for "subscription"
GRANT
WARNING:  no privileges were granted for "subscription"
GRANT
WARNING:  no privileges were granted for "subscription_id_seq"
GRANT
WARNING:  no privileges were granted for "subscription_id_seq"
WARNING:  no privileges were granted for "subscription_id_seq"
GRANT
GRANT
WARNING:  no privileges were granted for "subscription_id_seq"
GRANT
WARNING:  no privileges were granted for "subscription_id_seq"
GRANT
WARNING:  no privileges were granted for "subscription_id_seq"
GRANT
GRANT
GRANT
GRANT
ERROR:  grant options cannot be granted back to your own grantor
GRANT
GRANT
GRANT
ERROR:  grant options cannot be granted back to your own grantor
WARNING:  no privileges were granted for "s3_multipart_uploads"
GRANT
WARNING:  no privileges were granted for "s3_multipart_uploads"
GRANT
WARNING:  no privileges were granted for "s3_multipart_uploads"
GRANT
WARNING:  no privileges were granted for "s3_multipart_uploads"
GRANT
WARNING:  no privileges were granted for "s3_multipart_uploads_parts"
GRANT
WARNING:  no privileges were granted for "s3_multipart_uploads_parts"
WARNING:  no privileges were granted for "s3_multipart_uploads_parts"
GRANT
GRANT
WARNING:  no privileges were granted for "s3_multipart_uploads_parts"
GRANT
ERROR:  grant options cannot be granted back to your own grantor
GRANT
ERROR:  grant options cannot be granted back to your own grantor
GRANT
ERROR:  must be member of role "supabase_auth_admin"
ERROR:  must be member of role "supabase_auth_admin"
ERROR:  must be member of role "supabase_auth_admin"
ERROR:  must be member of role "supabase_auth_admin"
ERROR:  must be member of role "supabase_auth_admin"
ERROR:  must be member of role "supabase_auth_admin"
ERROR:  must be member of role "supabase_admin"
ERROR:  must be member of role "supabase_admin"
ERROR:  must be member of role "supabase_admin"
ERROR:  must be member of role "supabase_admin"
ERROR:  must be member of role "supabase_admin"
ERROR:  must be member of role "supabase_admin"
ERROR:  must be member of role "supabase_admin"
ERROR:  must be member of role "supabase_admin"
ERROR:  must be member of role "supabase_admin"
ERROR:  must be member of role "supabase_admin"
ERROR:  must be member of role "supabase_admin"
ERROR:  must be member of role "supabase_admin"
ERROR:  must be member of role "supabase_admin"
ERROR:  must be member of role "supabase_admin"
ERROR:  must be member of role "supabase_admin"
ERROR:  must be member of role "supabase_admin"
ERROR:  must be member of role "supabase_admin"
ERROR:  must be member of role "supabase_admin"
ERROR:  must be member of role "supabase_admin"
ERROR:  must be member of role "supabase_admin"
ERROR:  must be member of role "supabase_admin"
ERROR:  must be member of role "supabase_admin"
ERROR:  must be member of role "supabase_admin"
ERROR:  must be member of role "supabase_admin"
ERROR:  must be member of role "supabase_admin"
ERROR:  must be member of role "supabase_admin"
ERROR:  must be member of role "supabase_admin"
ALTER DEFAULT PRIVILEGES
ALTER DEFAULT PRIVILEGES
ALTER DEFAULT PRIVILEGES
ALTER DEFAULT PRIVILEGES
ERROR:  must be member of role "supabase_admin"
ERROR:  must be member of role "supabase_admin"
ERROR:  must be member of role "supabase_admin"
ERROR:  must be member of role "supabase_admin"
ALTER DEFAULT PRIVILEGES
ALTER DEFAULT PRIVILEGES
ALTER DEFAULT PRIVILEGES
ERROR:  must be member of role "supabase_admin"
ERROR:  must be member of role "supabase_admin"
ALTER DEFAULT PRIVILEGES
ERROR:  must be member of role "supabase_admin"
ERROR:  must be member of role "supabase_admin"
ALTER DEFAULT PRIVILEGES
ALTER DEFAULT PRIVILEGES
ALTER DEFAULT PRIVILEGES
ALTER DEFAULT PRIVILEGES
ERROR:  must be member of role "supabase_admin"
ERROR:  must be member of role "supabase_admin"
ERROR:  must be member of role "supabase_admin"
ERROR:  must be member of role "supabase_admin"
ERROR:  must be member of role "supabase_admin"
ERROR:  must be member of role "supabase_admin"
ERROR:  must be member of role "supabase_admin"
ERROR:  must be member of role "supabase_admin"
ERROR:  must be member of role "supabase_admin"
ERROR:  must be member of role "supabase_admin"
ALTER DEFAULT PRIVILEGES
ALTER DEFAULT PRIVILEGES
ALTER DEFAULT PRIVILEGES
ALTER DEFAULT PRIVILEGES
ALTER DEFAULT PRIVILEGES
ALTER DEFAULT PRIVILEGES
ALTER DEFAULT PRIVILEGES
ALTER DEFAULT PRIVILEGES
ALTER DEFAULT PRIVILEGES
ALTER DEFAULT PRIVILEGES
ALTER DEFAULT PRIVILEGES
ALTER DEFAULT PRIVILEGES
ERROR:  Non-superuser owned event trigger must execute a non-superuser owned function
DETAIL:  The current user "postgres" is not a superuser and the function "extensions.set_graphql_placeholder" is owned by a superuser
ALTER EVENT TRIGGER
ALTER EVENT TRIGGER
ERROR:  Non-superuser owned event trigger must execute a non-superuser owned function
DETAIL:  The current user "postgres" is not a superuser and the function "extensions.grant_pg_cron_access" is owned by a superuser
ERROR:  Non-superuser owned event trigger must execute a non-superuser owned function
DETAIL:  The current user "postgres" is not a superuser and the function "extensions.grant_pg_graphql_access" is owned by a superuser
ALTER EVENT TRIGGER
ERROR:  Non-superuser owned event trigger must execute a non-superuser owned function
DETAIL:  The current user "postgres" is not a superuser and the function "extensions.grant_pg_net_access" is owned by a superuser
ALTER EVENT TRIGGER
ERROR:  Non-superuser owned event trigger must execute a non-superuser owned function
DETAIL:  The current user "postgres" is not a superuser and the function "extensions.pgrst_ddl_watch" is owned by a superuser
ERROR:  Non-superuser owned event trigger must execute a non-superuser owned function
DETAIL:  The current user "postgres" is not a superuser and the function "extensions.pgrst_drop_watch" is owned by a superuser
invalid command \unrestrict
ALTER EVENT TRIGGER
ALTER EVENT TRIGGER
